{"name": "Проверяем что при нажатии на логотип Яндекса открывается редирект", "status": "broken", "statusDetails": {"message": "selenium.common.exceptions.TimeoutException: Message: \nStacktrace:\nRemoteError@chrome://remote/content/shared/RemoteError.sys.mjs:8:8\nWebDriverError@chrome://remote/content/shared/webdriver/Errors.sys.mjs:180:5\nNoSuchElementError@chrome://remote/content/shared/webdriver/Errors.sys.mjs:392:5\nelement.find/</<@chrome://remote/content/marionette/element.sys.mjs:133:16", "trace": "self = <test_orders_page.TestHeaderOrder object at 0x00000255AEFF8790>\ndriver = <selenium.webdriver.firefox.webdriver.WebDriver (session=\"51ceab95-bcfb-4da3-9ef3-4c42ef9fb297\")>\n\n    @allure.title('Проверяем что при нажатии на логотип Яндекса открывается редирект')\n    @allure.description('Последовательные выполнения действий для проверки открытия главной страницы Яндекса')\n    def test_link_yandex_logo(self, driver):\n        driver.get('https://qa-scooter.praktikum-services.ru/')\n        orders_page = OrdersPage(driver)\n        orders_page.accept_cookie()\n        orders_page.click_on_yandex_logo()\n        orders_page.driver.switch_to.window(orders_page.driver.window_handles[1])\n>       orders_page.wait_to_open_dzen_window()\n\ntests\\test_orders_page.py:77: \n_ _ _ _ _ _ _ _ _ _ _ _ _ _ _ _ _ _ _ _ _ _ _ _ _ _ _ _ _ _ _ _ _ _ _ _ _ _ _ _ _ _ _ _ _ _ _ _ _ _ _ _ _ _ _ _ _ _ _ _ _ _ _ _ _ _ _ _ _ _ _ _ _ _ _ _ _ _ _ _ _ _ _ _ _ _\npages\\orders_page.py:145: in wait_to_open_dzen_window\n    WebDriverWait(self.driver, 10).until(\n_ _ _ _ _ _ _ _ _ _ _ _ _ _ _ _ _ _ _ _ _ _ _ _ _ _ _ _ _ _ _ _ _ _ _ _ _ _ _ _ _ _ _ _ _ _ _ _ _ _ _ _ _ _ _ _ _ _ _ _ _ _ _ _ _ _ _ _ _ _ _ _ _ _ _ _ _ _ _ _ _ _ _ _ _ _\n\nself = <selenium.webdriver.support.wait.WebDriverWait (session=\"51ceab95-bcfb-4da3-9ef3-4c42ef9fb297\")>\nmethod = <function visibility_of_element_located.<locals>._predicate at 0x00000255AEFFDD80>, message = ''\n\n    def until(self, method, message: str = \"\"):\n        \"\"\"Calls the method provided with the driver as an argument until the \\\n        return value does not evaluate to ``False``.\n    \n        :param method: callable(WebDriver)\n        :param message: optional message for :exc:`TimeoutException`\n        :returns: the result of the last call to `method`\n        :raises: :exc:`selenium.common.exceptions.TimeoutException` if timeout occurs\n        \"\"\"\n        screen = None\n        stacktrace = None\n    \n        end_time = time.monotonic() + self._timeout\n        while True:\n            try:\n                value = method(self._driver)\n                if value:\n                    return value\n            except self._ignored_exceptions as exc:\n                screen = getattr(exc, 'screen', None)\n                stacktrace = getattr(exc, 'stacktrace', None)\n            time.sleep(self._poll)\n            if time.monotonic() > end_time:\n                break\n>       raise TimeoutException(message, screen, stacktrace)\nE       selenium.common.exceptions.TimeoutException: Message: \nE       Stacktrace:\nE       RemoteError@chrome://remote/content/shared/RemoteError.sys.mjs:8:8\nE       WebDriverError@chrome://remote/content/shared/webdriver/Errors.sys.mjs:180:5\nE       NoSuchElementError@chrome://remote/content/shared/webdriver/Errors.sys.mjs:392:5\nE       element.find/</<@chrome://remote/content/marionette/element.sys.mjs:133:16\n\nvenv\\lib\\site-packages\\selenium\\webdriver\\support\\wait.py:90: TimeoutException"}, "description": "Последовательные выполнения действий для проверки открытия главной страницы Яндекса", "steps": [{"name": "Принимаем куки", "status": "passed", "start": 1676904409212, "stop": 1676904409461}, {"name": "Нажимаем на логотип Яндекса", "status": "passed", "start": 1676904409462, "stop": 1676904409511}, {"name": "Ждем загрузку дзена", "status": "broken", "statusDetails": {"message": "selenium.common.exceptions.TimeoutException: Message: \nStacktrace:\nRemoteError@chrome://remote/content/shared/RemoteError.sys.mjs:8:8\nWebDriverError@chrome://remote/content/shared/webdriver/Errors.sys.mjs:180:5\nNoSuchElementError@chrome://remote/content/shared/webdriver/Errors.sys.mjs:392:5\nelement.find/</<@chrome://remote/content/marionette/element.sys.mjs:133:16\n\n", "trace": "  File \"C:\\Users\\tatya\\yandex\\Sprint_4\\venv\\lib\\site-packages\\allure_commons\\_allure.py\", line 192, in impl\n    return func(*a, **kw)\n  File \"C:\\Users\\tatya\\yandex\\Sprint_4\\pages\\orders_page.py\", line 145, in wait_to_open_dzen_window\n    WebDriverWait(self.driver, 10).until(\n  File \"C:\\Users\\tatya\\yandex\\Sprint_4\\venv\\lib\\site-packages\\selenium\\webdriver\\support\\wait.py\", line 90, in until\n    raise TimeoutException(message, screen, stacktrace)\n"}, "start": 1676904409516, "stop": 1676904419719}], "start": 1676904409071, "stop": 1676904419722, "uuid": "5467ec1e-ac43-496c-8007-c6ea4c38bc0f", "historyId": "750626b5c0337c6c703b61db263fb86a", "testCaseId": "1bb2c63997b8007961dd4ea69675e4cd", "fullName": "tests.test_orders_page.TestHeaderOrder#test_link_yandex_logo", "labels": [{"name": "parentSuite", "value": "tests"}, {"name": "suite", "value": "test_orders_page"}, {"name": "subSuite", "value": "TestHeaderOrder"}, {"name": "host", "value": "LAPTOP-UET7CDPA"}, {"name": "thread", "value": "14816-MainThread"}, {"name": "framework", "value": "pytest"}, {"name": "language", "value": "cpython3"}, {"name": "package", "value": "tests.test_orders_page"}]}